2023-12-29 22:00:21,814 :INFO :test_homepage :Name :Arpit
2023-12-29 22:00:21,918 :INFO :test_homepage :Mail :singh@nomail.com
2023-12-29 22:00:21,995 :INFO :test_homepage :Password :word**
2023-12-29 22:00:22,059 :INFO :test_homepage :BirthDate :24-02-1999
2023-12-29 22:00:22,103 :INFO :test_homepage :Gender :Male
2023-12-29 22:00:22,434 :INFO :test_homepage :Name :You
2023-12-29 22:00:22,434 :INFO :test_homepage :Name :You
2023-12-29 22:00:22,526 :INFO :test_homepage :Mail :are@nomail.com
2023-12-29 22:00:22,526 :INFO :test_homepage :Mail :are@nomail.com
2023-12-29 22:00:22,588 :INFO :test_homepage :Password :*****
2023-12-29 22:00:22,588 :INFO :test_homepage :Password :*****
2023-12-29 22:00:22,651 :INFO :test_homepage :BirthDate :00-00-0000
2023-12-29 22:00:22,651 :INFO :test_homepage :BirthDate :00-00-0000
2023-12-29 22:00:22,724 :INFO :test_homepage :Gender :Female
2023-12-29 22:00:22,724 :INFO :test_homepage :Gender :Female
2023-12-29 22:01:16,141 :INFO :test_homepage :Name :Arpit
2023-12-29 22:01:16,246 :INFO :test_homepage :Mail :singh@nomail.com
2023-12-29 22:01:16,322 :INFO :test_homepage :Password :word**
2023-12-29 22:01:16,385 :INFO :test_homepage :BirthDate :24-02-1999
2023-12-29 22:01:16,450 :INFO :test_homepage :Gender :Male
2023-12-29 22:01:16,536 :INFO :test_homepage :Testcase Passed :×
Success! The Form has been submitted successfully!.
2023-12-29 22:01:16,765 :INFO :test_homepage :Name :You
2023-12-29 22:01:16,765 :INFO :test_homepage :Name :You
2023-12-29 22:01:16,859 :INFO :test_homepage :Mail :are@nomail.com
2023-12-29 22:01:16,859 :INFO :test_homepage :Mail :are@nomail.com
2023-12-29 22:01:16,927 :INFO :test_homepage :Password :*****
2023-12-29 22:01:16,927 :INFO :test_homepage :Password :*****
2023-12-29 22:01:16,979 :INFO :test_homepage :BirthDate :00-00-0000
2023-12-29 22:01:16,979 :INFO :test_homepage :BirthDate :00-00-0000
2023-12-29 22:01:17,048 :INFO :test_homepage :Gender :Female
2023-12-29 22:01:17,048 :INFO :test_homepage :Gender :Female
2023-12-29 22:01:17,110 :INFO :test_homepage :Testcase Passed :×
Success! The Form has been submitted successfully!.
2023-12-29 22:01:17,110 :INFO :test_homepage :Testcase Passed :×
Success! The Form has been submitted successfully!.
2023-12-29 22:02:00,588 :INFO :test_homepage :Name :Arpit
2023-12-29 22:02:00,690 :INFO :test_homepage :Mail :singh@nomail.com
2023-12-29 22:02:00,767 :INFO :test_homepage :Password :word**
2023-12-29 22:02:00,839 :INFO :test_homepage :BirthDate :24-02-1999
2023-12-29 22:02:00,897 :INFO :test_homepage :Gender :Male
2023-12-29 22:02:00,987 :INFO :test_homepage :Testcase Passed :×
Success! The Form has been submitted successfully!.
2023-12-29 22:02:01,226 :INFO :test_homepage :Name :You
2023-12-29 22:02:01,226 :INFO :test_homepage :Name :You
2023-12-29 22:02:01,316 :INFO :test_homepage :Mail :are@nomail.com
2023-12-29 22:02:01,316 :INFO :test_homepage :Mail :are@nomail.com
2023-12-29 22:02:01,380 :INFO :test_homepage :Password :*****
2023-12-29 22:02:01,380 :INFO :test_homepage :Password :*****
2023-12-29 22:02:01,434 :INFO :test_homepage :BirthDate :00-00-0000
2023-12-29 22:02:01,434 :INFO :test_homepage :BirthDate :00-00-0000
2023-12-29 22:02:01,502 :INFO :test_homepage :Gender :Female
2023-12-29 22:02:01,502 :INFO :test_homepage :Gender :Female
2023-12-29 22:02:01,573 :INFO :test_homepage :Testcase Passed :×
Success! The Form has been submitted successfully!.
2023-12-29 22:02:01,573 :INFO :test_homepage :Testcase Passed :×
Success! The Form has been submitted successfully!.
2023-12-29 22:07:12,753 :INFO :test_homepage :Name :Arpit
2023-12-29 22:07:12,855 :INFO :test_homepage :Mail :singh@nomail.com
2023-12-29 22:07:12,933 :INFO :test_homepage :Password :word**
2023-12-29 22:07:12,994 :INFO :test_homepage :BirthDate :24-02-1999
2023-12-29 22:07:13,055 :INFO :test_homepage :Gender :Male
2023-12-29 22:07:13,143 :INFO :test_homepage :Testcase Passed :×
Success! The Form has been submitted successfully!.
2023-12-29 22:07:13,392 :INFO :test_homepage :Name :You
2023-12-29 22:07:13,392 :INFO :test_homepage :Name :You
2023-12-29 22:07:13,486 :INFO :test_homepage :Mail :are@nomail.com
2023-12-29 22:07:13,486 :INFO :test_homepage :Mail :are@nomail.com
2023-12-29 22:07:13,552 :INFO :test_homepage :Password :*****
2023-12-29 22:07:13,552 :INFO :test_homepage :Password :*****
2023-12-29 22:07:13,606 :INFO :test_homepage :BirthDate :00-00-0000
2023-12-29 22:07:13,606 :INFO :test_homepage :BirthDate :00-00-0000
2023-12-29 22:07:13,663 :INFO :test_homepage :Gender :Female
2023-12-29 22:07:13,663 :INFO :test_homepage :Gender :Female
2023-12-29 22:07:13,728 :INFO :test_homepage :Testcase Passed :×
Success! The Form has been submitted successfully!.
2023-12-29 22:07:13,728 :INFO :test_homepage :Testcase Passed :×
Success! The Form has been submitted successfully!.
2023-12-30 00:43:09,954 :INFO :test_homepage :Name :Arpit
2023-12-30 00:43:10,058 :INFO :test_homepage :Mail :singh@nomail.com
2023-12-30 00:43:10,131 :INFO :test_homepage :Password :word**
2023-12-30 00:43:10,194 :INFO :test_homepage :BirthDate :24-02-1999
2023-12-30 00:43:10,248 :INFO :test_homepage :Gender :Male
2023-12-30 00:43:10,361 :INFO :test_homepage :Testcase Passed :×
Success! The Form has been submitted successfully!.
2023-12-30 00:43:10,608 :INFO :test_homepage :Name :You
2023-12-30 00:43:10,608 :INFO :test_homepage :Name :You
2023-12-30 00:43:10,708 :INFO :test_homepage :Mail :are@nomail.com
2023-12-30 00:43:10,708 :INFO :test_homepage :Mail :are@nomail.com
2023-12-30 00:43:10,780 :INFO :test_homepage :Password :*****
2023-12-30 00:43:10,780 :INFO :test_homepage :Password :*****
2023-12-30 00:43:10,838 :INFO :test_homepage :BirthDate :00-00-0000
2023-12-30 00:43:10,838 :INFO :test_homepage :BirthDate :00-00-0000
2023-12-30 00:43:10,907 :INFO :test_homepage :Gender :Female
2023-12-30 00:43:10,907 :INFO :test_homepage :Gender :Female
2023-12-30 00:43:10,962 :INFO :test_homepage :Testcase Passed :×
Success! The Form has been submitted successfully!.
2023-12-30 00:43:10,962 :INFO :test_homepage :Testcase Passed :×
Success! The Form has been submitted successfully!.
2023-12-30 00:50:26,705 :INFO :test_homepage :Name :Arpit
2023-12-30 00:50:26,867 :INFO :test_homepage :Mail :singh@nomail.com
2023-12-30 00:50:26,981 :INFO :test_homepage :Password :word**
2023-12-30 00:50:27,066 :INFO :test_homepage :BirthDate :24-02-1999
2023-12-30 00:50:27,126 :INFO :test_homepage :Gender :Male
2023-12-30 00:50:27,211 :INFO :test_homepage :Testcase Passed :×
Success! The Form has been submitted successfully!.
2023-12-30 00:50:27,483 :INFO :test_homepage :Name :You
2023-12-30 00:50:27,483 :INFO :test_homepage :Name :You
2023-12-30 00:50:27,608 :INFO :test_homepage :Mail :are@nomail.com
2023-12-30 00:50:27,608 :INFO :test_homepage :Mail :are@nomail.com
2023-12-30 00:50:27,713 :INFO :test_homepage :Password :*****
2023-12-30 00:50:27,713 :INFO :test_homepage :Password :*****
2023-12-30 00:50:27,774 :INFO :test_homepage :BirthDate :00-00-0000
2023-12-30 00:50:27,774 :INFO :test_homepage :BirthDate :00-00-0000
2023-12-30 00:50:27,863 :INFO :test_homepage :Gender :Female
2023-12-30 00:50:27,863 :INFO :test_homepage :Gender :Female
2023-12-30 00:50:27,923 :INFO :test_homepage :Testcase Passed :×
Success! The Form has been submitted successfully!.
2023-12-30 00:50:27,923 :INFO :test_homepage :Testcase Passed :×
Success! The Form has been submitted successfully!.
2023-12-30 00:52:58,478 :INFO :test_homepage :Name :Arpit
2023-12-30 00:52:58,543 :INFO :test_homepage :Mail :singh@nomail.com
2023-12-30 00:52:58,567 :INFO :test_homepage :Password :word**
2023-12-30 00:52:58,580 :INFO :test_homepage :BirthDate :24-02-1999
2023-12-30 00:52:58,596 :INFO :test_homepage :Gender :Male
2023-12-30 00:52:58,866 :INFO :test_homepage :Testcase Passed :×
Success! The Form has been submitted successfully!.
2023-12-30 00:52:59,554 :INFO :test_homepage :Name :You
2023-12-30 00:52:59,554 :INFO :test_homepage :Name :You
2023-12-30 00:52:59,599 :INFO :test_homepage :Mail :are@nomail.com
2023-12-30 00:52:59,599 :INFO :test_homepage :Mail :are@nomail.com
2023-12-30 00:52:59,620 :INFO :test_homepage :Password :*****
2023-12-30 00:52:59,620 :INFO :test_homepage :Password :*****
2023-12-30 00:52:59,632 :INFO :test_homepage :BirthDate :00-00-0000
2023-12-30 00:52:59,632 :INFO :test_homepage :BirthDate :00-00-0000
2023-12-30 00:52:59,861 :INFO :test_homepage :Gender :Female
2023-12-30 00:52:59,861 :INFO :test_homepage :Gender :Female
2023-12-30 00:53:00,107 :INFO :test_homepage :Testcase Passed :×
Success! The Form has been submitted successfully!.
2023-12-30 00:53:00,107 :INFO :test_homepage :Testcase Passed :×
Success! The Form has been submitted successfully!.
2023-12-30 01:04:04,302 :INFO :test_homepage :Name :Arpit
2023-12-30 01:04:04,430 :INFO :test_homepage :Mail :singh@nomail.com
2023-12-30 01:04:04,559 :INFO :test_homepage :Password :word**
2023-12-30 01:04:04,640 :INFO :test_homepage :BirthDate :24-02-1999
2023-12-30 01:04:04,687 :INFO :test_homepage :Gender :Male
2023-12-30 01:04:04,795 :INFO :test_homepage :Testcase Passed :×
Success! The Form has been submitted successfully!.
2023-12-30 01:04:05,064 :INFO :test_homepage :Name :You
2023-12-30 01:04:05,064 :INFO :test_homepage :Name :You
2023-12-30 01:04:05,157 :INFO :test_homepage :Mail :are@nomail.com
2023-12-30 01:04:05,157 :INFO :test_homepage :Mail :are@nomail.com
2023-12-30 01:04:05,228 :INFO :test_homepage :Password :*****
2023-12-30 01:04:05,228 :INFO :test_homepage :Password :*****
2023-12-30 01:04:05,308 :INFO :test_homepage :BirthDate :00-00-0000
2023-12-30 01:04:05,308 :INFO :test_homepage :BirthDate :00-00-0000
2023-12-30 01:04:05,381 :INFO :test_homepage :Gender :Female
2023-12-30 01:04:05,381 :INFO :test_homepage :Gender :Female
2023-12-30 01:04:05,442 :INFO :test_homepage :Testcase Passed :×
Success! The Form has been submitted successfully!.
2023-12-30 01:04:05,442 :INFO :test_homepage :Testcase Passed :×
Success! The Form has been submitted successfully!.
2023-12-30 01:11:02,539 :INFO :test_homepage :Name :Arpit
2023-12-30 01:11:02,641 :INFO :test_homepage :Mail :singh@nomail.com
2023-12-30 01:11:02,729 :INFO :test_homepage :Password :word**
2023-12-30 01:11:02,797 :INFO :test_homepage :BirthDate :24-02-1999
2023-12-30 01:11:02,849 :INFO :test_homepage :Gender :Male
2023-12-30 01:11:02,954 :INFO :test_homepage :Testcase Passed :×
Success! The Form has been submitted successfully!.
2023-12-30 01:11:03,180 :INFO :test_homepage :Name :You
2023-12-30 01:11:03,180 :INFO :test_homepage :Name :You
2023-12-30 01:11:03,271 :INFO :test_homepage :Mail :are@nomail.com
2023-12-30 01:11:03,271 :INFO :test_homepage :Mail :are@nomail.com
2023-12-30 01:11:03,337 :INFO :test_homepage :Password :*****
2023-12-30 01:11:03,337 :INFO :test_homepage :Password :*****
2023-12-30 01:11:03,389 :INFO :test_homepage :BirthDate :00-00-0000
2023-12-30 01:11:03,389 :INFO :test_homepage :BirthDate :00-00-0000
2023-12-30 01:11:03,457 :INFO :test_homepage :Gender :Female
2023-12-30 01:11:03,457 :INFO :test_homepage :Gender :Female
2023-12-30 01:11:03,518 :INFO :test_homepage :Testcase Passed :×
Success! The Form has been submitted successfully!.
2023-12-30 01:11:03,518 :INFO :test_homepage :Testcase Passed :×
Success! The Form has been submitted successfully!.
2023-12-30 01:12:08,373 :INFO :test_homepage :Name :Arpit
2023-12-30 01:12:08,488 :INFO :test_homepage :Mail :singh@nomail.com
2023-12-30 01:12:08,569 :INFO :test_homepage :Password :word**
2023-12-30 01:12:08,636 :INFO :test_homepage :BirthDate :24-02-1999
2023-12-30 01:12:08,692 :INFO :test_homepage :Gender :Male
2023-12-30 01:12:08,780 :INFO :test_homepage :Testcase Passed :×
Success! The Form has been submitted successfully!.
2023-12-30 01:12:09,031 :INFO :test_homepage :Name :You
2023-12-30 01:12:09,031 :INFO :test_homepage :Name :You
2023-12-30 01:12:09,129 :INFO :test_homepage :Mail :are@nomail.com
2023-12-30 01:12:09,129 :INFO :test_homepage :Mail :are@nomail.com
2023-12-30 01:12:09,200 :INFO :test_homepage :Password :*****
2023-12-30 01:12:09,200 :INFO :test_homepage :Password :*****
2023-12-30 01:12:09,259 :INFO :test_homepage :BirthDate :00-00-0000
2023-12-30 01:12:09,259 :INFO :test_homepage :BirthDate :00-00-0000
2023-12-30 01:12:09,328 :INFO :test_homepage :Gender :Female
2023-12-30 01:12:09,328 :INFO :test_homepage :Gender :Female
2023-12-30 01:12:09,389 :INFO :test_homepage :Testcase Passed :×
Success! The Form has been submitted successfully!.
2023-12-30 01:12:09,389 :INFO :test_homepage :Testcase Passed :×
Success! The Form has been submitted successfully!.
2023-12-30 13:44:58,115 :INFO :test_homepage :Name :Arpit
2023-12-30 13:44:58,171 :INFO :test_homepage :Mail :singh@nomail.com
2023-12-30 13:44:58,199 :INFO :test_homepage :Password :word**
2023-12-30 13:44:58,216 :INFO :test_homepage :BirthDate :24-02-1999
2023-12-30 13:44:58,238 :INFO :test_homepage :Gender :Male
2023-12-30 13:44:58,516 :INFO :test_homepage :Testcase Passed :×
Success! The Form has been submitted successfully!.
2023-12-30 13:44:59,759 :INFO :test_homepage :Name :You
2023-12-30 13:44:59,759 :INFO :test_homepage :Name :You
2023-12-30 13:44:59,803 :INFO :test_homepage :Mail :are@nomail.com
2023-12-30 13:44:59,803 :INFO :test_homepage :Mail :are@nomail.com
2023-12-30 13:44:59,822 :INFO :test_homepage :Password :*****
2023-12-30 13:44:59,822 :INFO :test_homepage :Password :*****
2023-12-30 13:44:59,840 :INFO :test_homepage :BirthDate :00-00-0000
2023-12-30 13:44:59,840 :INFO :test_homepage :BirthDate :00-00-0000
2023-12-30 13:45:00,102 :INFO :test_homepage :Gender :Female
2023-12-30 13:45:00,102 :INFO :test_homepage :Gender :Female
2023-12-30 13:45:00,376 :INFO :test_homepage :Testcase Passed :×
Success! The Form has been submitted successfully!.
2023-12-30 13:45:00,376 :INFO :test_homepage :Testcase Passed :×
Success! The Form has been submitted successfully!.
2023-12-30 13:48:02,821 :INFO :test_homepage :Name :Arpit
2023-12-30 13:48:02,939 :INFO :test_homepage :Mail :singh@nomail.com
2023-12-30 13:48:03,032 :INFO :test_homepage :Password :word**
2023-12-30 13:48:03,104 :INFO :test_homepage :BirthDate :24-02-1999
2023-12-30 13:48:03,165 :INFO :test_homepage :Gender :Male
2023-12-30 13:48:03,278 :INFO :test_homepage :Testcase Passed :×
Success! The Form has been submitted successfully!.
2023-12-30 13:48:03,603 :INFO :test_homepage :Name :You
2023-12-30 13:48:03,603 :INFO :test_homepage :Name :You
2023-12-30 13:48:03,727 :INFO :test_homepage :Mail :are@nomail.com
2023-12-30 13:48:03,727 :INFO :test_homepage :Mail :are@nomail.com
2023-12-30 13:48:03,818 :INFO :test_homepage :Password :*****
2023-12-30 13:48:03,818 :INFO :test_homepage :Password :*****
2023-12-30 13:48:03,917 :INFO :test_homepage :BirthDate :00-00-0000
2023-12-30 13:48:03,917 :INFO :test_homepage :BirthDate :00-00-0000
2023-12-30 13:48:04,032 :INFO :test_homepage :Gender :Female
2023-12-30 13:48:04,032 :INFO :test_homepage :Gender :Female
2023-12-30 13:48:04,127 :INFO :test_homepage :Testcase Passed :×
Success! The Form has been submitted successfully!.
2023-12-30 13:48:04,127 :INFO :test_homepage :Testcase Passed :×
Success! The Form has been submitted successfully!.
2023-12-30 13:49:01,287 :INFO :test_homepage :Name :Arpit
2023-12-30 13:49:01,337 :INFO :test_homepage :Mail :singh@nomail.com
2023-12-30 13:49:01,352 :INFO :test_homepage :Password :word**
2023-12-30 13:49:01,373 :INFO :test_homepage :BirthDate :24-02-1999
2023-12-30 13:49:01,381 :INFO :test_homepage :Gender :Male
2023-12-30 13:49:01,700 :INFO :test_homepage :Testcase Passed :×
Success! The Form has been submitted successfully!.
2023-12-30 13:49:03,432 :INFO :test_homepage :Name :You
2023-12-30 13:49:03,432 :INFO :test_homepage :Name :You
2023-12-30 13:49:03,478 :INFO :test_homepage :Mail :are@nomail.com
2023-12-30 13:49:03,478 :INFO :test_homepage :Mail :are@nomail.com
2023-12-30 13:49:03,505 :INFO :test_homepage :Password :*****
2023-12-30 13:49:03,505 :INFO :test_homepage :Password :*****
2023-12-30 13:49:03,519 :INFO :test_homepage :BirthDate :00-00-0000
2023-12-30 13:49:03,519 :INFO :test_homepage :BirthDate :00-00-0000
2023-12-30 13:49:03,779 :INFO :test_homepage :Gender :Female
2023-12-30 13:49:03,779 :INFO :test_homepage :Gender :Female
2023-12-30 13:49:04,045 :INFO :test_homepage :Testcase Passed :×
Success! The Form has been submitted successfully!.
2023-12-30 13:49:04,045 :INFO :test_homepage :Testcase Passed :×
Success! The Form has been submitted successfully!.
2023-12-30 13:59:03,401 :INFO :test_homepage :Name :Arpit
2023-12-30 13:59:03,524 :INFO :test_homepage :Mail :singh@nomail.com
2023-12-30 13:59:03,608 :INFO :test_homepage :Password :word**
2023-12-30 13:59:03,673 :INFO :test_homepage :BirthDate :24-02-1999
2023-12-30 13:59:03,723 :INFO :test_homepage :Gender :Male
2023-12-30 13:59:03,826 :INFO :test_homepage :Testcase Passed :×
Success! The Form has been submitted successfully!.
2023-12-30 13:59:04,163 :INFO :test_homepage :Name :You
2023-12-30 13:59:04,163 :INFO :test_homepage :Name :You
2023-12-30 13:59:04,301 :INFO :test_homepage :Mail :are@nomail.com
2023-12-30 13:59:04,301 :INFO :test_homepage :Mail :are@nomail.com
2023-12-30 13:59:04,407 :INFO :test_homepage :Password :*****
2023-12-30 13:59:04,407 :INFO :test_homepage :Password :*****
2023-12-30 13:59:04,504 :INFO :test_homepage :BirthDate :00-00-0000
2023-12-30 13:59:04,504 :INFO :test_homepage :BirthDate :00-00-0000
2023-12-30 13:59:04,602 :INFO :test_homepage :Gender :Female
2023-12-30 13:59:04,602 :INFO :test_homepage :Gender :Female
2023-12-30 13:59:04,669 :INFO :test_homepage :Testcase Passed :×
Success! The Form has been submitted successfully!.
2023-12-30 13:59:04,669 :INFO :test_homepage :Testcase Passed :×
Success! The Form has been submitted successfully!.
2023-12-30 17:57:10,039 :INFO :test_homepage :Name :Arpit
2023-12-30 17:57:10,087 :INFO :test_homepage :Mail :singh@nomail.com
2023-12-30 17:57:10,119 :INFO :test_homepage :Password :word**
2023-12-30 17:57:10,138 :INFO :test_homepage :BirthDate :24-02-1999
2023-12-30 17:57:10,158 :INFO :test_homepage :Gender :Male
2023-12-30 17:57:10,451 :INFO :test_homepage :Testcase Passed :×
Success! The Form has been submitted successfully!.
2023-12-30 17:57:11,724 :INFO :test_homepage :Name :You
2023-12-30 17:57:11,724 :INFO :test_homepage :Name :You
2023-12-30 17:57:11,782 :INFO :test_homepage :Mail :are@nomail.com
2023-12-30 17:57:11,782 :INFO :test_homepage :Mail :are@nomail.com
2023-12-30 17:57:11,817 :INFO :test_homepage :Password :*****
2023-12-30 17:57:11,817 :INFO :test_homepage :Password :*****
2023-12-30 17:57:11,835 :INFO :test_homepage :BirthDate :00-00-0000
2023-12-30 17:57:11,835 :INFO :test_homepage :BirthDate :00-00-0000
2023-12-30 17:57:12,097 :INFO :test_homepage :Gender :Female
2023-12-30 17:57:12,097 :INFO :test_homepage :Gender :Female
2023-12-30 17:57:12,338 :INFO :test_homepage :Testcase Passed :×
Success! The Form has been submitted successfully!.
2023-12-30 17:57:12,338 :INFO :test_homepage :Testcase Passed :×
Success! The Form has been submitted successfully!.
